<?xml version="1.0" encoding="UTF-8"?>
<!-- Generated by org.testng.reporters.JUnitReportReporter -->
<testsuite hostname="DESKTOP-GLKVRGN" failures="0" tests="2" name="basics.TestNGAnnotations" time="0.063" errors="0" timestamp="2024-06-19T07:17:41 IST" skipped="0">
  <testcase classname="basics.TestNGAnnotations" name="Testcase2" time="0.050"/>
  <system-out/>
  <testcase classname="basics.TestNGAnnotations" name="Testcase1" time="0.013"/>
  <system-out/>
</testsuite> <!-- basics.TestNGAnnotations -->
