<?xml version="1.0" encoding="UTF-8"?>
<!-- Generated by org.testng.reporters.JUnitReportReporter -->
<testsuite hostname="DESKTOP-GLKVRGN" failures="0" tests="1" name="basics.AssertionExample" time="24.059" errors="0" timestamp="2024-06-24T08:04:36 IST" skipped="0">
  <testcase classname="basics.AssertionExample" name="verifyJqueyHeader" time="24.059"/>
  <system-out/>
</testsuite> <!-- basics.AssertionExample -->
