<?xml version="1.0" encoding="UTF-8"?>
<!-- Generated by org.testng.reporters.JUnitReportReporter -->
<testsuite hostname="DESKTOP-GLKVRGN" failures="0" tests="3" name="assiegnmentWorks.DataProviderWork" time="29.320" errors="0" timestamp="2024-06-23T13:01:31 IST" skipped="0">
  <testcase classname="assiegnmentWorks.DataProviderWork" name="details" time="9.939"/>
  <system-out/>
  <testcase classname="assiegnmentWorks.DataProviderWork" name="details" time="7.364"/>
  <system-out/>
  <testcase classname="assiegnmentWorks.DataProviderWork" name="details" time="12.017"/>
  <system-out/>
</testsuite> <!-- assiegnmentWorks.DataProviderWork -->
