<?xml version="1.0" encoding="UTF-8"?>
<!-- Generated by org.testng.reporters.JUnitReportReporter -->
<testsuite hostname="DESKTOP-GLKVRGN" failures="0" tests="2" name="basics.RadiobuttonTestng" time="30.545" errors="0" timestamp="2024-06-24T08:04:36 IST" skipped="1">
  <testcase classname="basics.RadiobuttonTestng" name="verifyShowSelectedButtonisEnabled" time="30.545"/>
  <system-out/>
  <testcase classname="basics.RadiobuttonTestng" name="verifyMaleRadioButtonisEnabled">
    <skipped/>
  </testcase> <!-- verifyMaleRadioButtonisEnabled -->
  <system-out/>
</testsuite> <!-- basics.RadiobuttonTestng -->
