<?xml version="1.0" encoding="UTF-8"?>
<!-- Generated by org.testng.reporters.JUnitReportReporter -->
<testsuite hostname="DESKTOP-GLKVRGN" failures="0" tests="1" name="basics.SoftAssertWork" time="14.259" errors="0" timestamp="2024-06-20T22:51:29 IST" skipped="0">
  <testcase classname="basics.SoftAssertWork" name="verifyAllCheckboxesEnabled" time="14.259"/>
  <system-out/>
</testsuite> <!-- basics.SoftAssertWork -->
