<?xml version="1.0" encoding="UTF-8"?>
<!-- Generated by org.testng.reporters.JUnitReportReporter -->
<testsuite hostname="DESKTOP-GLKVRGN" failures="0" tests="2" name="assiegnmentWorks.TestNgTableCase" time="21.632" errors="0" timestamp="2024-06-21T20:23:10 IST" skipped="0">
  <testcase classname="assiegnmentWorks.TestNgTableCase" name="verifyAllNames" time="11.610"/>
  <system-out/>
  <testcase classname="assiegnmentWorks.TestNgTableCase" name="verifySalary" time="10.022"/>
  <system-out/>
</testsuite> <!-- assiegnmentWorks.TestNgTableCase -->
