<?xml version="1.0" encoding="UTF-8"?>
<!-- Generated by org.testng.reporters.JUnitReportReporter -->
<testsuite hostname="DESKTOP-GLKVRGN" failures="0" tests="3" name="basics.DataProviderExample" time="56.579" errors="0" timestamp="2024-06-21T08:06:45 IST" skipped="0">
  <testcase classname="basics.DataProviderExample" name="fbLogin" time="28.282"/>
  <system-out/>
  <testcase classname="basics.DataProviderExample" name="fbLogin" time="12.395"/>
  <system-out/>
  <testcase classname="basics.DataProviderExample" name="fbLogin" time="15.902"/>
  <system-out/>
</testsuite> <!-- basics.DataProviderExample -->
