<?xml version="1.0" encoding="UTF-8"?>
<!-- Generated by org.testng.reporters.JUnitReportReporter -->
<testsuite hostname="DESKTOP-GLKVRGN" failures="0" tests="4" name="basics.TableExample" time="123.141" errors="0" timestamp="2024-06-24T08:04:36 IST" skipped="0">
  <testcase classname="basics.TableExample" name="printTableHeader" time="31.022"/>
  <system-out/>
  <testcase classname="basics.TableExample" name="verifyTableHeader" time="30.663"/>
  <system-out/>
  <testcase classname="basics.TableExample" name="tableBodyPrint" time="30.624"/>
  <system-out/>
  <testcase classname="basics.TableExample" name="printNames" time="30.832"/>
  <system-out/>
</testsuite> <!-- basics.TableExample -->
